Log file created
2024-02-29 20:03:09,911 - INFO - Adding job tentatively -- it will be properly scheduled when the scheduler starts
2024-02-29 20:03:09,911 - INFO - Added job "invalidate_expired_invitations" to job store "default"
2024-02-29 20:03:09,911 - INFO - Scheduler started
2024-02-29 20:03:25,815 - INFO - Adding job tentatively -- it will be properly scheduled when the scheduler starts
2024-02-29 20:03:25,815 - INFO - Added job "invalidate_expired_invitations" to job store "default"
2024-02-29 20:03:25,815 - INFO - Scheduler started
2024-02-29 20:10:55,763 - INFO - Adding job tentatively -- it will be properly scheduled when the scheduler starts
2024-02-29 20:10:55,763 - INFO - Added job "invalidate_expired_invitations" to job store "default"
2024-02-29 20:10:55,763 - INFO - Scheduler started
2024-02-29 20:11:35,227 - INFO - Adding job tentatively -- it will be properly scheduled when the scheduler starts
2024-02-29 20:11:35,227 - INFO - Added job "invalidate_expired_invitations" to job store "default"
2024-02-29 20:11:35,227 - INFO - Scheduler started
2024-02-29 20:11:46,775 - INFO - Adding job tentatively -- it will be properly scheduled when the scheduler starts
2024-02-29 20:11:46,776 - INFO - Added job "invalidate_expired_invitations" to job store "default"
2024-02-29 20:11:46,776 - INFO - Scheduler started
2024-02-29 20:11:47,021 - INFO - Started!!
2024-02-29 20:12:29,991 - INFO - Adding job tentatively -- it will be properly scheduled when the scheduler starts
2024-02-29 20:12:29,991 - INFO - Added job "invalidate_expired_invitations" to job store "default"
2024-02-29 20:12:29,992 - INFO - Scheduler started
2024-02-29 20:12:30,260 - INFO - Started!!
2024-02-29 20:12:30,328 - INFO - DB connected!!
2024-02-29 20:12:39,120 - INFO - Shutdown!!
2024-02-29 20:12:39,120 - INFO - DB disconnected!!
2024-02-29 20:12:39,988 - INFO - Adding job tentatively -- it will be properly scheduled when the scheduler starts
2024-02-29 20:12:39,988 - INFO - Added job "invalidate_expired_invitations" to job store "default"
2024-02-29 20:12:39,988 - INFO - Scheduler started
2024-02-29 20:12:40,151 - INFO - Started!!
2024-02-29 20:12:40,154 - INFO - DB connected!!
